<?xml version="1.0" ?>
<component name="fr.dila.reponses.core.test.event">

	<extension target="org.nuxeo.ecm.core.event.EventServiceComponent" point="listener">

	</extension>

</component>
