<?xml version="1.0" ?>
<!-- Ce composant permet de contribuer des valeurs par dÃ©faut au service 
	de configuration de l'application, afin d'effectuer les tests unitaires. -->
<component name="fr.dila.reponse.webengine.service">
	<extension target="fr.dila.st.core.service.ConfigService" point="configParameter">
		<parameter>
			<name>reponses.ws.validate.reponse.authorized.tags</name>
			<value>p,ul,ol,li,table,thead,tbody,tr,th,td,b,i,strong,em</value>
		</parameter>
	</extension>
</component>
