<?xml version="1.0"?>

<!--
  Ce composant contribue un service des ministeres factice.
-->
<component name="fr.dila.reponses.core.mockpostes">
  <implementation class="fr.dila.reponses.core.mock.MockPostesService" />
  <require>fr.dila.st.core.service.STPostesService</require>
  <service>
    <provide interface="fr.dila.st.api.service.organigramme.STPostesService"/>
  </service>
</component>
