<?xml version="1.0"?>
<component name="fr.dila.reponses.core.tests.type">

	<extension target="org.nuxeo.ecm.core.schema.TypeService"
		point="schema">
		<schema name="requeteSimple" src="schemas/requeteSimple.xsd"
			prefix="rqs" />
		<schema name="requeteComplexe" src="schemas/requeteComplexe.xsd"
			prefix="rqc" />
	</extension>

	<extension target="org.nuxeo.ecm.core.schema.TypeService"
		point="doctype">
		<doctype name="RequeteSimple" extends="Document">
			<schema name="common" />
			<schema name="dublincore" />
			<schema name="requeteSimple" />
		</doctype>

		<doctype name="RequeteComplexe" extends="Document">
			<schema name="common" />
			<schema name="dublincore" />
			<schema name="requeteComplexe" />
		</doctype>
	</extension>
</component>