<?xml version="1.0" ?>
<!-- Ce composant contribue le service catalogue de modèles de feuille de 
	route de l'application Réponses. -->
<component name="fr.dila.reponses.core.service.RepFeuilleRouteModelService">
	<require>fr.dila.reponses.core.service.FeuilleRouteModelService</require>
	<implementation class="fr.dila.reponses.core.mock.MockFeuilleRouteModelService" />

	<service>
		<provide interface="fr.dila.reponses.api.service.FeuilleRouteModelService" />
		<provide interface="fr.dila.ss.api.service.FeuilleRouteModelService" />
	</service>
</component>
